app/build/intermediates/manifest_merge_blame_file/debug/processDebugMainManifest/manifest-merger-blame-debug-report.txt
1<?xml version="1.0" encoding="utf-8"?>
2<manifest xmlns:android="http://schemas.android.com/apk/res/android"
3    package="com.swiftquantum.debug"
4    android:versionCode="1"
5    android:versionName="1.0.0-debug" >
6
7    <uses-sdk
8        android:minSdkVersion="26"
9        android:targetSdkVersion="35" />
10
11    <!-- Permissions -->
12    <uses-permission android:name="android.permission.INTERNET" />
12-->src/main/AndroidManifest.xml:6:5-67
12-->src/main/AndroidManifest.xml:6:22-64
13    <uses-permission android:name="android.permission.ACCESS_NETWORK_STATE" />
13-->src/main/AndroidManifest.xml:7:5-79
13-->src/main/AndroidManifest.xml:7:22-76
14    <uses-permission android:name="com.android.vending.BILLING" />
14-->src/main/AndroidManifest.xml:8:5-67
14-->src/main/AndroidManifest.xml:8:22-64
15
16    <!-- Custom permissions for auth provider access -->
17    <permission
17-->src/main/AndroidManifest.xml:44:5-46:47
18        android:name="com.swiftquantum.permission.READ_AUTH"
18-->src/main/AndroidManifest.xml:45:9-61
19        android:protectionLevel="signature" />
19-->src/main/AndroidManifest.xml:46:9-44
20    <permission
20-->src/main/AndroidManifest.xml:47:5-49:47
21        android:name="com.swiftquantum.permission.WRITE_AUTH"
21-->src/main/AndroidManifest.xml:48:9-62
22        android:protectionLevel="signature" />
22-->src/main/AndroidManifest.xml:49:9-44
23
24    <queries>
24-->[com.android.billingclient:billing:7.1.1] AndroidManifest.xml:12:5-19:15
25        <intent>
25-->[com.android.billingclient:billing:7.1.1] AndroidManifest.xml:13:9-15:18
26            <action android:name="com.android.vending.billing.InAppBillingService.BIND" />
26-->[com.android.billingclient:billing:7.1.1] AndroidManifest.xml:14:13-91
26-->[com.android.billingclient:billing:7.1.1] AndroidManifest.xml:14:21-88
27        </intent>
28        <intent>
28-->[com.android.billingclient:billing:7.1.1] AndroidManifest.xml:16:9-18:18
29            <action android:name="com.google.android.apps.play.billingtestcompanion.BillingOverrideService.BIND" />
29-->[com.android.billingclient:billing:7.1.1] AndroidManifest.xml:17:13-116
29-->[com.android.billingclient:billing:7.1.1] AndroidManifest.xml:17:21-113
30        </intent>
31    </queries>
32
33    <permission
33-->[androidx.core:core:1.15.0] AndroidManifest.xml:22:5-24:47
34        android:name="com.swiftquantum.debug.DYNAMIC_RECEIVER_NOT_EXPORTED_PERMISSION"
34-->[androidx.core:core:1.15.0] AndroidManifest.xml:23:9-81
35        android:protectionLevel="signature" />
35-->[androidx.core:core:1.15.0] AndroidManifest.xml:24:9-44
36
37    <uses-permission android:name="com.swiftquantum.debug.DYNAMIC_RECEIVER_NOT_EXPORTED_PERMISSION" />
37-->[androidx.core:core:1.15.0] AndroidManifest.xml:26:5-97
37-->[androidx.core:core:1.15.0] AndroidManifest.xml:26:22-94
38
39    <application
39-->src/main/AndroidManifest.xml:10:5-41:19
40        android:name="com.swiftquantum.SwiftQuantumApp"
40-->src/main/AndroidManifest.xml:11:9-40
41        android:allowBackup="true"
41-->src/main/AndroidManifest.xml:12:9-35
42        android:appComponentFactory="androidx.core.app.CoreComponentFactory"
42-->[androidx.core:core:1.15.0] AndroidManifest.xml:28:18-86
43        android:dataExtractionRules="@xml/data_extraction_rules"
43-->src/main/AndroidManifest.xml:13:9-65
44        android:debuggable="true"
45        android:extractNativeLibs="false"
46        android:fullBackupContent="@xml/backup_rules"
46-->src/main/AndroidManifest.xml:14:9-54
47        android:icon="@mipmap/ic_launcher"
47-->src/main/AndroidManifest.xml:15:9-43
48        android:label="@string/app_name"
48-->src/main/AndroidManifest.xml:16:9-41
49        android:localeConfig="@xml/locales_config"
49-->src/main/AndroidManifest.xml:20:9-51
50        android:roundIcon="@mipmap/ic_launcher_round"
50-->src/main/AndroidManifest.xml:17:9-54
51        android:supportsRtl="true"
51-->src/main/AndroidManifest.xml:18:9-35
52        android:theme="@style/Theme.SwiftQuantum" >
52-->src/main/AndroidManifest.xml:19:9-50
53        <activity
53-->src/main/AndroidManifest.xml:23:9-31:20
54            android:name="com.swiftquantum.presentation.ui.MainActivity"
54-->src/main/AndroidManifest.xml:24:13-57
55            android:exported="true"
55-->src/main/AndroidManifest.xml:25:13-36
56            android:theme="@style/Theme.SwiftQuantum" >
56-->src/main/AndroidManifest.xml:26:13-54
57            <intent-filter>
57-->src/main/AndroidManifest.xml:27:13-30:29
58                <action android:name="android.intent.action.MAIN" />
58-->src/main/AndroidManifest.xml:28:17-69
58-->src/main/AndroidManifest.xml:28:25-66
59
60                <category android:name="android.intent.category.LAUNCHER" />
60-->src/main/AndroidManifest.xml:29:17-77
60-->src/main/AndroidManifest.xml:29:27-74
61            </intent-filter>
62        </activity>
63
64        <!-- Unified Auth Provider for cross-app authentication -->
65        <provider
65-->src/main/AndroidManifest.xml:34:9-40:80
66            android:name="com.swiftquantum.data.auth.UnifiedAuthProvider"
66-->src/main/AndroidManifest.xml:35:13-58
67            android:authorities="com.swiftquantum.auth.provider"
67-->src/main/AndroidManifest.xml:36:13-65
68            android:exported="true"
68-->src/main/AndroidManifest.xml:37:13-36
69            android:grantUriPermissions="true"
69-->src/main/AndroidManifest.xml:38:13-47
70            android:readPermission="com.swiftquantum.permission.READ_AUTH"
70-->src/main/AndroidManifest.xml:39:13-75
71            android:writePermission="com.swiftquantum.permission.WRITE_AUTH" />
71-->src/main/AndroidManifest.xml:40:13-77
72
73        <meta-data
73-->[com.android.billingclient:billing:7.1.1] AndroidManifest.xml:22:9-24:37
74            android:name="com.google.android.play.billingclient.version"
74-->[com.android.billingclient:billing:7.1.1] AndroidManifest.xml:23:13-73
75            android:value="7.1.1" />
75-->[com.android.billingclient:billing:7.1.1] AndroidManifest.xml:24:13-34
76
77        <activity
77-->[com.android.billingclient:billing:7.1.1] AndroidManifest.xml:26:9-30:75
78            android:name="com.android.billingclient.api.ProxyBillingActivity"
78-->[com.android.billingclient:billing:7.1.1] AndroidManifest.xml:27:13-78
79            android:configChanges="keyboard|keyboardHidden|screenLayout|screenSize|orientation"
79-->[com.android.billingclient:billing:7.1.1] AndroidManifest.xml:28:13-96
80            android:exported="false"
80-->[com.android.billingclient:billing:7.1.1] AndroidManifest.xml:29:13-37
81            android:theme="@android:style/Theme.Translucent.NoTitleBar" />
81-->[com.android.billingclient:billing:7.1.1] AndroidManifest.xml:30:13-72
82        <activity
82-->[com.android.billingclient:billing:7.1.1] AndroidManifest.xml:31:9-35:75
83            android:name="com.android.billingclient.api.ProxyBillingActivityV2"
83-->[com.android.billingclient:billing:7.1.1] AndroidManifest.xml:32:13-80
84            android:configChanges="keyboard|keyboardHidden|screenLayout|screenSize|orientation"
84-->[com.android.billingclient:billing:7.1.1] AndroidManifest.xml:33:13-96
85            android:exported="false"
85-->[com.android.billingclient:billing:7.1.1] AndroidManifest.xml:34:13-37
86            android:theme="@android:style/Theme.Translucent.NoTitleBar" />
86-->[com.android.billingclient:billing:7.1.1] AndroidManifest.xml:35:13-72
87        <activity
87-->[com.google.android.gms:play-services-base:18.5.0] AndroidManifest.xml:5:9-173
88            android:name="com.google.android.gms.common.api.GoogleApiActivity"
88-->[com.google.android.gms:play-services-base:18.5.0] AndroidManifest.xml:5:19-85
89            android:exported="false"
89-->[com.google.android.gms:play-services-base:18.5.0] AndroidManifest.xml:5:146-170
90            android:theme="@android:style/Theme.Translucent.NoTitleBar" />
90-->[com.google.android.gms:play-services-base:18.5.0] AndroidManifest.xml:5:86-145
91
92        <meta-data
92-->[com.google.android.gms:play-services-basement:18.4.0] AndroidManifest.xml:6:9-122
93            android:name="com.google.android.gms.version"
93-->[com.google.android.gms:play-services-basement:18.4.0] AndroidManifest.xml:6:20-65
94            android:value="@integer/google_play_services_version" />
94-->[com.google.android.gms:play-services-basement:18.4.0] AndroidManifest.xml:6:66-119
95
96        <activity
96-->[androidx.compose.ui:ui-tooling-android:1.7.6] AndroidManifest.xml:23:9-25:39
97            android:name="androidx.compose.ui.tooling.PreviewActivity"
97-->[androidx.compose.ui:ui-tooling-android:1.7.6] AndroidManifest.xml:24:13-71
98            android:exported="true" />
98-->[androidx.compose.ui:ui-tooling-android:1.7.6] AndroidManifest.xml:25:13-36
99        <activity
99-->[androidx.compose.ui:ui-test-manifest:1.7.6] AndroidManifest.xml:23:9-25:39
100            android:name="androidx.activity.ComponentActivity"
100-->[androidx.compose.ui:ui-test-manifest:1.7.6] AndroidManifest.xml:24:13-63
101            android:exported="true" />
101-->[androidx.compose.ui:ui-test-manifest:1.7.6] AndroidManifest.xml:25:13-36
102
103        <provider
103-->[androidx.lifecycle:lifecycle-process:2.8.7] AndroidManifest.xml:24:9-32:20
104            android:name="androidx.startup.InitializationProvider"
104-->[androidx.lifecycle:lifecycle-process:2.8.7] AndroidManifest.xml:25:13-67
105            android:authorities="com.swiftquantum.debug.androidx-startup"
105-->[androidx.lifecycle:lifecycle-process:2.8.7] AndroidManifest.xml:26:13-68
106            android:exported="false" >
106-->[androidx.lifecycle:lifecycle-process:2.8.7] AndroidManifest.xml:27:13-37
107            <meta-data
107-->[androidx.lifecycle:lifecycle-process:2.8.7] AndroidManifest.xml:29:13-31:52
108                android:name="androidx.lifecycle.ProcessLifecycleInitializer"
108-->[androidx.lifecycle:lifecycle-process:2.8.7] AndroidManifest.xml:30:17-78
109                android:value="androidx.startup" />
109-->[androidx.lifecycle:lifecycle-process:2.8.7] AndroidManifest.xml:31:17-49
110            <meta-data
110-->[androidx.emoji2:emoji2:1.3.0] AndroidManifest.xml:29:13-31:52
111                android:name="androidx.emoji2.text.EmojiCompatInitializer"
111-->[androidx.emoji2:emoji2:1.3.0] AndroidManifest.xml:30:17-75
112                android:value="androidx.startup" />
112-->[androidx.emoji2:emoji2:1.3.0] AndroidManifest.xml:31:17-49
113            <meta-data
113-->[androidx.profileinstaller:profileinstaller:1.3.1] AndroidManifest.xml:29:13-31:52
114                android:name="androidx.profileinstaller.ProfileInstallerInitializer"
114-->[androidx.profileinstaller:profileinstaller:1.3.1] AndroidManifest.xml:30:17-85
115                android:value="androidx.startup" />
115-->[androidx.profileinstaller:profileinstaller:1.3.1] AndroidManifest.xml:31:17-49
116        </provider>
117
118        <uses-library
118-->[androidx.window:window:1.0.0] AndroidManifest.xml:25:9-27:40
119            android:name="androidx.window.extensions"
119-->[androidx.window:window:1.0.0] AndroidManifest.xml:26:13-54
120            android:required="false" />
120-->[androidx.window:window:1.0.0] AndroidManifest.xml:27:13-37
121        <uses-library
121-->[androidx.window:window:1.0.0] AndroidManifest.xml:28:9-30:40
122            android:name="androidx.window.sidecar"
122-->[androidx.window:window:1.0.0] AndroidManifest.xml:29:13-51
123            android:required="false" />
123-->[androidx.window:window:1.0.0] AndroidManifest.xml:30:13-37
124
125        <receiver
125-->[androidx.profileinstaller:profileinstaller:1.3.1] AndroidManifest.xml:34:9-52:20
126            android:name="androidx.profileinstaller.ProfileInstallReceiver"
126-->[androidx.profileinstaller:profileinstaller:1.3.1] AndroidManifest.xml:35:13-76
127            android:directBootAware="false"
127-->[androidx.profileinstaller:profileinstaller:1.3.1] AndroidManifest.xml:36:13-44
128            android:enabled="true"
128-->[androidx.profileinstaller:profileinstaller:1.3.1] AndroidManifest.xml:37:13-35
129            android:exported="true"
129-->[androidx.profileinstaller:profileinstaller:1.3.1] AndroidManifest.xml:38:13-36
130            android:permission="android.permission.DUMP" >
130-->[androidx.profileinstaller:profileinstaller:1.3.1] AndroidManifest.xml:39:13-57
131            <intent-filter>
131-->[androidx.profileinstaller:profileinstaller:1.3.1] AndroidManifest.xml:40:13-42:29
132                <action android:name="androidx.profileinstaller.action.INSTALL_PROFILE" />
132-->[androidx.profileinstaller:profileinstaller:1.3.1] AndroidManifest.xml:41:17-91
132-->[androidx.profileinstaller:profileinstaller:1.3.1] AndroidManifest.xml:41:25-88
133            </intent-filter>
134            <intent-filter>
134-->[androidx.profileinstaller:profileinstaller:1.3.1] AndroidManifest.xml:43:13-45:29
135                <action android:name="androidx.profileinstaller.action.SKIP_FILE" />
135-->[androidx.profileinstaller:profileinstaller:1.3.1] AndroidManifest.xml:44:17-85
135-->[androidx.profileinstaller:profileinstaller:1.3.1] AndroidManifest.xml:44:25-82
136            </intent-filter>
137            <intent-filter>
137-->[androidx.profileinstaller:profileinstaller:1.3.1] AndroidManifest.xml:46:13-48:29
138                <action android:name="androidx.profileinstaller.action.SAVE_PROFILE" />
138-->[androidx.profileinstaller:profileinstaller:1.3.1] AndroidManifest.xml:47:17-88
138-->[androidx.profileinstaller:profileinstaller:1.3.1] AndroidManifest.xml:47:25-85
139            </intent-filter>
140            <intent-filter>
140-->[androidx.profileinstaller:profileinstaller:1.3.1] AndroidManifest.xml:49:13-51:29
141                <action android:name="androidx.profileinstaller.action.BENCHMARK_OPERATION" />
141-->[androidx.profileinstaller:profileinstaller:1.3.1] AndroidManifest.xml:50:17-95
141-->[androidx.profileinstaller:profileinstaller:1.3.1] AndroidManifest.xml:50:25-92
142            </intent-filter>
143        </receiver>
144
145        <service
145-->[com.google.android.datatransport:transport-backend-cct:3.1.8] AndroidManifest.xml:28:9-34:19
146            android:name="com.google.android.datatransport.runtime.backends.TransportBackendDiscovery"
146-->[com.google.android.datatransport:transport-backend-cct:3.1.8] AndroidManifest.xml:29:13-103
147            android:exported="false" >
147-->[com.google.android.datatransport:transport-backend-cct:3.1.8] AndroidManifest.xml:30:13-37
148            <meta-data
148-->[com.google.android.datatransport:transport-backend-cct:3.1.8] AndroidManifest.xml:31:13-33:39
149                android:name="backend:com.google.android.datatransport.cct.CctBackendFactory"
149-->[com.google.android.datatransport:transport-backend-cct:3.1.8] AndroidManifest.xml:32:17-94
150                android:value="cct" />
150-->[com.google.android.datatransport:transport-backend-cct:3.1.8] AndroidManifest.xml:33:17-36
151        </service>
152        <service
152-->[com.google.android.datatransport:transport-runtime:3.1.8] AndroidManifest.xml:26:9-30:19
153            android:name="com.google.android.datatransport.runtime.scheduling.jobscheduling.JobInfoSchedulerService"
153-->[com.google.android.datatransport:transport-runtime:3.1.8] AndroidManifest.xml:27:13-117
154            android:exported="false"
154-->[com.google.android.datatransport:transport-runtime:3.1.8] AndroidManifest.xml:28:13-37
155            android:permission="android.permission.BIND_JOB_SERVICE" >
155-->[com.google.android.datatransport:transport-runtime:3.1.8] AndroidManifest.xml:29:13-69
156        </service>
157
158        <receiver
158-->[com.google.android.datatransport:transport-runtime:3.1.8] AndroidManifest.xml:32:9-34:40
159            android:name="com.google.android.datatransport.runtime.scheduling.jobscheduling.AlarmManagerSchedulerBroadcastReceiver"
159-->[com.google.android.datatransport:transport-runtime:3.1.8] AndroidManifest.xml:33:13-132
160            android:exported="false" />
160-->[com.google.android.datatransport:transport-runtime:3.1.8] AndroidManifest.xml:34:13-37
161    </application>
162
163</manifest>